<?xml version="1.0" encoding="UTF-8"?>
<testng-results skipped="0" failed="0" ignored="0" total="1" passed="1">
  <reporter-output>
  </reporter-output>
  <suite name="Default suite" duration-ms="5836" started-at="2018-04-08T18:01:39Z" finished-at="2018-04-08T18:01:45Z">
    <groups>
    </groups>
    <test name="Default test" duration-ms="5836" started-at="2018-04-08T18:01:39Z" finished-at="2018-04-08T18:01:45Z">
      <class name="com.TestCases.JiraAPI">
        <test-method status="PASS" signature="doLogin()[pri:0, instance:com.TestCases.JiraAPI@5e5792a0]" name="doLogin" duration-ms="5705" started-at="2018-04-08T18:01:39Z" finished-at="2018-04-08T18:01:45Z">
          <reporter-output>
          </reporter-output>
        </test-method> <!-- doLogin -->
      </class> <!-- com.TestCases.JiraAPI -->
    </test> <!-- Default test -->
  </suite> <!-- Default suite -->
</testng-results>
