<?xml version="1.0" encoding="UTF-8"?>
<testng-results skipped="0" failed="0" ignored="0" total="1" passed="1">
  <reporter-output>
  </reporter-output>
  <suite name="Default suite" duration-ms="2746" started-at="2018-04-13T11:27:47Z" finished-at="2018-04-13T11:27:49Z">
    <groups>
    </groups>
    <test name="Default test" duration-ms="2746" started-at="2018-04-13T11:27:47Z" finished-at="2018-04-13T11:27:49Z">
      <class name="com.basicAPI.JSONParsing">
        <test-method status="PASS" signature="ParsingJson()[pri:0, instance:com.basicAPI.JSONParsing@5e5792a0]" name="ParsingJson" duration-ms="2711" started-at="2018-04-13T11:27:47Z" finished-at="2018-04-13T11:27:49Z">
          <reporter-output>
          </reporter-output>
        </test-method> <!-- ParsingJson -->
      </class> <!-- com.basicAPI.JSONParsing -->
    </test> <!-- Default test -->
  </suite> <!-- Default suite -->
</testng-results>
